<?xml version="1.0" encoding="UTF-8"?>
<!-- Generated by org.testng.reporters.JUnitReportReporter -->
<testsuite hostname="DESKTOP-2VMLT09" failures="0" tests="1" name="com.example.demo.controller.HomeControllerTest" time="0.077" errors="0" timestamp="2023-10-10T02:00:20 PDT" skipped="0">
  <testcase classname="com.example.demo.controller.HomeControllerTest" name="getAll" time="0.077"/>
</testsuite> <!-- com.example.demo.controller.HomeControllerTest -->
